2025-08-13 21:11:48,306 - ERROR - Failed to validate AWS credentials: Unable to locate credentials
2025-08-13 21:26:30,444 - INFO - AWS credentials validated successfully
2025-08-13 21:26:30,445 - INFO - Starting parallel provisioning of 1 instances
2025-08-13 21:26:30,446 - INFO - Starting provisioning for instance: ubuntu-test-1
2025-08-13 21:26:30,738 - ERROR - Failed to provision instance ubuntu-test-1: An error occurred (InvalidAMIID.NotFound) when calling the RunInstances operation: The image id '[ami-0c7217cd9b2890ac1]' does not exist
2025-08-13 21:26:30,739 - ERROR - Instance ubuntu-test-1 failed: An error occurred (InvalidAMIID.NotFound) when calling the RunInstances operation: The image id '[ami-0c7217cd9b2890ac1]' does not exist
2025-08-13 21:26:30,739 - INFO - Provisioning completed. Successful: 0, Failed: 1
2025-08-13 21:28:24,579 - INFO - AWS credentials validated successfully
2025-08-13 21:28:24,579 - INFO - Starting parallel provisioning of 1 instances
2025-08-13 21:28:24,580 - INFO - Starting provisioning for instance: ubuntu-24-04-test
2025-08-13 21:28:25,887 - INFO - Waiting for instance i-0b4271e7747614d01 to be running...
2025-08-13 21:28:42,316 - INFO - Successfully provisioned instance ubuntu-24-04-test (i-0b4271e7747614d01)
2025-08-13 21:28:42,316 - INFO - Instance ubuntu-24-04-test completed successfully
2025-08-13 21:28:42,317 - INFO - Provisioning completed. Successful: 1, Failed: 0
2025-08-13 21:29:21,424 - INFO - AWS credentials validated successfully
2025-08-13 21:29:21,425 - INFO - Starting parallel provisioning of 1 instances
2025-08-13 21:29:21,425 - INFO - Starting provisioning for instance: ubuntu-24-04-test
2025-08-13 21:29:22,727 - INFO - Waiting for instance i-0c173c8b68e9407db to be running...
2025-08-13 21:29:39,165 - INFO - Successfully provisioned instance ubuntu-24-04-test (i-0c173c8b68e9407db)
2025-08-13 21:29:39,166 - INFO - Instance ubuntu-24-04-test completed successfully
2025-08-13 21:29:39,166 - INFO - Provisioning completed. Successful: 1, Failed: 0
2025-08-13 21:29:39,167 - INFO - Starting cleanup of 1 instances
2025-08-13 21:29:39,167 - INFO - Terminating instance: i-0c173c8b68e9407db
2025-08-13 21:32:53,951 - INFO - AWS credentials validated successfully
2025-08-13 21:32:53,952 - INFO - Starting parallel provisioning of 1 instances
2025-08-13 21:32:53,952 - INFO - Starting provisioning for instance: ubuntu-24-04-test
2025-08-13 21:32:55,263 - INFO - Waiting for instance i-0b53c03edfd2d15c3 to be running...
2025-08-13 21:33:11,720 - INFO - Successfully provisioned instance ubuntu-24-04-test (i-0b53c03edfd2d15c3)
2025-08-13 21:33:11,722 - INFO - Instance ubuntu-24-04-test completed successfully
2025-08-13 21:33:11,722 - INFO - Provisioning completed. Successful: 1, Failed: 0
2025-08-13 21:33:11,723 - INFO - Starting cleanup of 1 instances
2025-08-13 21:33:11,723 - INFO - Terminating instance: i-0b53c03edfd2d15c3
2025-08-13 21:34:18,092 - INFO - AWS credentials validated successfully
2025-08-13 21:34:18,094 - INFO - Starting cleanup of 1 instances
2025-08-13 21:34:18,094 - INFO - Terminating instance: i-0b53c03edfd2d15c3
2025-08-13 21:35:36,270 - INFO - AWS credentials validated successfully
2025-08-13 21:35:36,625 - INFO - Found 4 instances to clean up
2025-08-13 21:35:36,625 - INFO - Starting cleanup of 4 instances
2025-08-13 21:35:36,626 - INFO - Terminating instance: i-0d150a07c349f380c
2025-08-13 21:35:36,628 - INFO - Terminating instance: i-0260db818b4731d88
2025-08-13 21:35:36,631 - INFO - Terminating instance: i-06aa36e3282e20c80
2025-08-13 21:35:36,631 - INFO - Terminating instance: i-0b4271e7747614d01
2025-08-13 21:47:36,662 - INFO - AWS credentials validated successfully
2025-08-13 21:47:36,663 - INFO - Starting parallel provisioning of 4 instances
2025-08-13 21:47:36,664 - INFO - Starting provisioning for instance: ubuntu-24-04-test
2025-08-13 21:47:36,667 - INFO - Starting provisioning for instance: ubuntu-24-04-spot
2025-08-13 21:47:36,668 - INFO - Spot instance attempt 1/3 for ubuntu-24-04-spot
2025-08-13 21:47:36,668 - INFO - Starting provisioning for instance: ubuntu-24-04-spot-budget
2025-08-13 21:47:36,668 - INFO - No max price specified - AWS will use current on-demand price
2025-08-13 21:47:36,668 - INFO - Starting provisioning for instance: ubuntu-24-04-spot-resilient
2025-08-13 21:47:36,669 - INFO - Spot instance attempt 1/3 for ubuntu-24-04-spot-budget
2025-08-13 21:47:36,669 - INFO - Requesting spot instance for ubuntu-24-04-spot...
2025-08-13 21:47:36,669 - INFO - Spot instance attempt 1/5 for ubuntu-24-04-spot-resilient
2025-08-13 21:47:36,669 - INFO - Setting spot max price to: 0.005
2025-08-13 21:47:36,670 - WARNING - Spot instance attempt 1 failed for ubuntu-24-04-spot: Parameter validation failed:
Unknown parameter in LaunchSpecification: "MinCount", must be one of: SecurityGroupIds, SecurityGroups, AddressingType, BlockDeviceMappings, EbsOptimized, IamInstanceProfile, ImageId, InstanceType, KernelId, KeyName, Monitoring, NetworkInterfaces, Placement, RamdiskId, SubnetId, UserData
Unknown parameter in LaunchSpecification: "MaxCount", must be one of: SecurityGroupIds, SecurityGroups, AddressingType, BlockDeviceMappings, EbsOptimized, IamInstanceProfile, ImageId, InstanceType, KernelId, KeyName, Monitoring, NetworkInterfaces, Placement, RamdiskId, SubnetId, UserData
Unknown parameter in LaunchSpecification: "TagSpecifications", must be one of: SecurityGroupIds, SecurityGroups, AddressingType, BlockDeviceMappings, EbsOptimized, IamInstanceProfile, ImageId, InstanceType, KernelId, KeyName, Monitoring, NetworkInterfaces, Placement, RamdiskId, SubnetId, UserData
2025-08-13 21:47:36,670 - INFO - No max price specified - AWS will use current on-demand price
2025-08-13 21:47:36,670 - INFO - Requesting spot instance for ubuntu-24-04-spot-budget...
2025-08-13 21:47:36,670 - INFO - Waiting 30 seconds before retry...
2025-08-13 21:47:36,670 - INFO - Requesting spot instance for ubuntu-24-04-spot-resilient...
2025-08-13 21:47:36,671 - WARNING - Spot instance attempt 1 failed for ubuntu-24-04-spot-budget: Parameter validation failed:
Unknown parameter in LaunchSpecification: "MinCount", must be one of: SecurityGroupIds, SecurityGroups, AddressingType, BlockDeviceMappings, EbsOptimized, IamInstanceProfile, ImageId, InstanceType, KernelId, KeyName, Monitoring, NetworkInterfaces, Placement, RamdiskId, SubnetId, UserData
Unknown parameter in LaunchSpecification: "MaxCount", must be one of: SecurityGroupIds, SecurityGroups, AddressingType, BlockDeviceMappings, EbsOptimized, IamInstanceProfile, ImageId, InstanceType, KernelId, KeyName, Monitoring, NetworkInterfaces, Placement, RamdiskId, SubnetId, UserData
Unknown parameter in LaunchSpecification: "TagSpecifications", must be one of: SecurityGroupIds, SecurityGroups, AddressingType, BlockDeviceMappings, EbsOptimized, IamInstanceProfile, ImageId, InstanceType, KernelId, KeyName, Monitoring, NetworkInterfaces, Placement, RamdiskId, SubnetId, UserData
2025-08-13 21:47:36,671 - WARNING - Spot instance attempt 1 failed for ubuntu-24-04-spot-resilient: Parameter validation failed:
Unknown parameter in LaunchSpecification: "MinCount", must be one of: SecurityGroupIds, SecurityGroups, AddressingType, BlockDeviceMappings, EbsOptimized, IamInstanceProfile, ImageId, InstanceType, KernelId, KeyName, Monitoring, NetworkInterfaces, Placement, RamdiskId, SubnetId, UserData
Unknown parameter in LaunchSpecification: "MaxCount", must be one of: SecurityGroupIds, SecurityGroups, AddressingType, BlockDeviceMappings, EbsOptimized, IamInstanceProfile, ImageId, InstanceType, KernelId, KeyName, Monitoring, NetworkInterfaces, Placement, RamdiskId, SubnetId, UserData
Unknown parameter in LaunchSpecification: "TagSpecifications", must be one of: SecurityGroupIds, SecurityGroups, AddressingType, BlockDeviceMappings, EbsOptimized, IamInstanceProfile, ImageId, InstanceType, KernelId, KeyName, Monitoring, NetworkInterfaces, Placement, RamdiskId, SubnetId, UserData
2025-08-13 21:47:36,671 - INFO - Waiting 30 seconds before retry...
2025-08-13 21:47:36,671 - INFO - Waiting 60 seconds before retry...
2025-08-13 21:47:37,989 - INFO - Waiting for instance i-040c24520551ad194 to be running...
2025-08-13 21:49:47,253 - INFO - AWS credentials validated successfully
2025-08-13 21:49:47,255 - INFO - Starting parallel provisioning of 4 instances
2025-08-13 21:49:47,255 - INFO - Starting provisioning for instance: ubuntu-24-04-test
2025-08-13 21:49:47,255 - INFO - Starting provisioning for instance: ubuntu-24-04-spot
2025-08-13 21:49:47,261 - INFO - Starting provisioning for instance: ubuntu-24-04-spot-budget
2025-08-13 21:49:47,262 - INFO - Spot instance attempt 1/3 for ubuntu-24-04-spot
2025-08-13 21:49:47,262 - INFO - Starting provisioning for instance: ubuntu-24-04-spot-resilient
2025-08-13 21:49:47,262 - INFO - Spot instance attempt 1/3 for ubuntu-24-04-spot-budget
2025-08-13 21:49:47,263 - INFO - No max price specified - AWS will use current on-demand price
2025-08-13 21:49:47,263 - INFO - Spot instance attempt 1/5 for ubuntu-24-04-spot-resilient
2025-08-13 21:49:47,263 - INFO - Setting spot max price to: 0.005
2025-08-13 21:49:47,263 - INFO - Requesting spot instance for ubuntu-24-04-spot...
2025-08-13 21:49:47,264 - INFO - No max price specified - AWS will use current on-demand price
2025-08-13 21:49:47,264 - INFO - Requesting spot instance for ubuntu-24-04-spot-budget...
2025-08-13 21:49:47,265 - WARNING - Spot instance attempt 1 failed for ubuntu-24-04-spot: Parameter validation failed:
Unknown parameter in LaunchSpecification: "TagSpecifications", must be one of: SecurityGroupIds, SecurityGroups, AddressingType, BlockDeviceMappings, EbsOptimized, IamInstanceProfile, ImageId, InstanceType, KernelId, KeyName, Monitoring, NetworkInterfaces, Placement, RamdiskId, SubnetId, UserData
2025-08-13 21:49:47,265 - INFO - Requesting spot instance for ubuntu-24-04-spot-resilient...
2025-08-13 21:49:47,265 - WARNING - Spot instance attempt 1 failed for ubuntu-24-04-spot-budget: Parameter validation failed:
Unknown parameter in LaunchSpecification: "TagSpecifications", must be one of: SecurityGroupIds, SecurityGroups, AddressingType, BlockDeviceMappings, EbsOptimized, IamInstanceProfile, ImageId, InstanceType, KernelId, KeyName, Monitoring, NetworkInterfaces, Placement, RamdiskId, SubnetId, UserData
2025-08-13 21:49:47,266 - INFO - Waiting 30 seconds before retry...
2025-08-13 21:49:47,266 - WARNING - Spot instance attempt 1 failed for ubuntu-24-04-spot-resilient: Parameter validation failed:
Unknown parameter in LaunchSpecification: "TagSpecifications", must be one of: SecurityGroupIds, SecurityGroups, AddressingType, BlockDeviceMappings, EbsOptimized, IamInstanceProfile, ImageId, InstanceType, KernelId, KeyName, Monitoring, NetworkInterfaces, Placement, RamdiskId, SubnetId, UserData
2025-08-13 21:49:47,266 - INFO - Waiting 30 seconds before retry...
2025-08-13 21:49:47,266 - INFO - Waiting 60 seconds before retry...
2025-08-13 21:49:48,571 - INFO - Waiting for instance i-07cbe8ae28e30d150 to be running...
2025-08-13 21:50:05,012 - INFO - Successfully provisioned on-demand instance ubuntu-24-04-test (i-07cbe8ae28e30d150)
2025-08-13 21:50:05,014 - INFO - Instance ubuntu-24-04-test completed successfully
2025-08-13 21:50:17,271 - INFO - Spot instance attempt 2/3 for ubuntu-24-04-spot
2025-08-13 21:50:17,271 - INFO - Spot instance attempt 2/3 for ubuntu-24-04-spot-budget
2025-08-13 21:50:17,273 - INFO - No max price specified - AWS will use current on-demand price
2025-08-13 21:50:17,273 - INFO - Setting spot max price to: 0.005
2025-08-13 21:50:17,273 - INFO - Requesting spot instance for ubuntu-24-04-spot...
2025-08-13 21:50:17,273 - INFO - Requesting spot instance for ubuntu-24-04-spot-budget...
2025-08-13 21:50:17,274 - WARNING - Spot instance attempt 2 failed for ubuntu-24-04-spot: Parameter validation failed:
Unknown parameter in LaunchSpecification: "TagSpecifications", must be one of: SecurityGroupIds, SecurityGroups, AddressingType, BlockDeviceMappings, EbsOptimized, IamInstanceProfile, ImageId, InstanceType, KernelId, KeyName, Monitoring, NetworkInterfaces, Placement, RamdiskId, SubnetId, UserData
2025-08-13 21:50:17,275 - WARNING - Spot instance attempt 2 failed for ubuntu-24-04-spot-budget: Parameter validation failed:
Unknown parameter in LaunchSpecification: "TagSpecifications", must be one of: SecurityGroupIds, SecurityGroups, AddressingType, BlockDeviceMappings, EbsOptimized, IamInstanceProfile, ImageId, InstanceType, KernelId, KeyName, Monitoring, NetworkInterfaces, Placement, RamdiskId, SubnetId, UserData
2025-08-13 21:50:17,275 - INFO - Waiting 60 seconds before retry...
2025-08-13 21:50:17,275 - INFO - Waiting 60 seconds before retry...
2025-08-13 21:50:47,270 - INFO - Spot instance attempt 2/5 for ubuntu-24-04-spot-resilient
2025-08-13 21:50:47,272 - INFO - No max price specified - AWS will use current on-demand price
2025-08-13 21:50:47,272 - INFO - Requesting spot instance for ubuntu-24-04-spot-resilient...
2025-08-13 21:50:47,274 - WARNING - Spot instance attempt 2 failed for ubuntu-24-04-spot-resilient: Parameter validation failed:
Unknown parameter in LaunchSpecification: "TagSpecifications", must be one of: SecurityGroupIds, SecurityGroups, AddressingType, BlockDeviceMappings, EbsOptimized, IamInstanceProfile, ImageId, InstanceType, KernelId, KeyName, Monitoring, NetworkInterfaces, Placement, RamdiskId, SubnetId, UserData
2025-08-13 21:50:47,274 - INFO - Waiting 120 seconds before retry...
2025-08-13 21:51:17,279 - INFO - Spot instance attempt 3/3 for ubuntu-24-04-spot
2025-08-13 21:51:17,280 - INFO - Spot instance attempt 3/3 for ubuntu-24-04-spot-budget
2025-08-13 21:51:17,281 - INFO - No max price specified - AWS will use current on-demand price
2025-08-13 21:51:17,281 - INFO - Setting spot max price to: 0.005
2025-08-13 21:51:17,281 - INFO - Requesting spot instance for ubuntu-24-04-spot...
2025-08-13 21:51:17,282 - INFO - Requesting spot instance for ubuntu-24-04-spot-budget...
2025-08-13 21:51:17,284 - WARNING - Spot instance attempt 3 failed for ubuntu-24-04-spot: Parameter validation failed:
Unknown parameter in LaunchSpecification: "TagSpecifications", must be one of: SecurityGroupIds, SecurityGroups, AddressingType, BlockDeviceMappings, EbsOptimized, IamInstanceProfile, ImageId, InstanceType, KernelId, KeyName, Monitoring, NetworkInterfaces, Placement, RamdiskId, SubnetId, UserData
2025-08-13 21:51:17,285 - WARNING - Spot instance attempt 3 failed for ubuntu-24-04-spot-budget: Parameter validation failed:
Unknown parameter in LaunchSpecification: "TagSpecifications", must be one of: SecurityGroupIds, SecurityGroups, AddressingType, BlockDeviceMappings, EbsOptimized, IamInstanceProfile, ImageId, InstanceType, KernelId, KeyName, Monitoring, NetworkInterfaces, Placement, RamdiskId, SubnetId, UserData
2025-08-13 21:51:17,285 - ERROR - Failed to provision instance ubuntu-24-04-spot: All 3 spot instance attempts failed for ubuntu-24-04-spot. Last error: Parameter validation failed:
Unknown parameter in LaunchSpecification: "TagSpecifications", must be one of: SecurityGroupIds, SecurityGroups, AddressingType, BlockDeviceMappings, EbsOptimized, IamInstanceProfile, ImageId, InstanceType, KernelId, KeyName, Monitoring, NetworkInterfaces, Placement, RamdiskId, SubnetId, UserData
2025-08-13 21:51:17,285 - ERROR - Failed to provision instance ubuntu-24-04-spot-budget: All 3 spot instance attempts failed for ubuntu-24-04-spot-budget. Last error: Parameter validation failed:
Unknown parameter in LaunchSpecification: "TagSpecifications", must be one of: SecurityGroupIds, SecurityGroups, AddressingType, BlockDeviceMappings, EbsOptimized, IamInstanceProfile, ImageId, InstanceType, KernelId, KeyName, Monitoring, NetworkInterfaces, Placement, RamdiskId, SubnetId, UserData
2025-08-13 21:51:17,286 - ERROR - Instance ubuntu-24-04-spot failed: All 3 spot instance attempts failed for ubuntu-24-04-spot. Last error: Parameter validation failed:
Unknown parameter in LaunchSpecification: "TagSpecifications", must be one of: SecurityGroupIds, SecurityGroups, AddressingType, BlockDeviceMappings, EbsOptimized, IamInstanceProfile, ImageId, InstanceType, KernelId, KeyName, Monitoring, NetworkInterfaces, Placement, RamdiskId, SubnetId, UserData
2025-08-13 21:51:17,286 - ERROR - Instance ubuntu-24-04-spot-budget failed: All 3 spot instance attempts failed for ubuntu-24-04-spot-budget. Last error: Parameter validation failed:
Unknown parameter in LaunchSpecification: "TagSpecifications", must be one of: SecurityGroupIds, SecurityGroups, AddressingType, BlockDeviceMappings, EbsOptimized, IamInstanceProfile, ImageId, InstanceType, KernelId, KeyName, Monitoring, NetworkInterfaces, Placement, RamdiskId, SubnetId, UserData
2025-08-13 21:53:35,639 - INFO - AWS credentials validated successfully
2025-08-13 21:53:35,640 - INFO - Starting parallel provisioning of 1 instances
2025-08-13 21:53:35,641 - INFO - Starting provisioning for instance: test-spot
2025-08-13 21:53:35,641 - INFO - Spot instance attempt 1/3 for test-spot
2025-08-13 21:53:35,641 - INFO - No max price specified - AWS will use current on-demand price
2025-08-13 21:53:35,641 - INFO - Requesting spot instance for test-spot...
2025-08-13 21:53:35,961 - WARNING - Spot instance attempt 1 failed for test-spot: An error occurred (InvalidParameterValue) when calling the RequestSpotInstances operation: Invalid BASE64 encoding of user data
2025-08-13 21:53:35,961 - INFO - Waiting 30 seconds before retry...
2025-08-13 21:54:18,306 - INFO - AWS credentials validated successfully
2025-08-13 21:54:18,307 - INFO - Starting parallel provisioning of 1 instances
2025-08-13 21:54:18,307 - INFO - Starting provisioning for instance: test-spot
2025-08-13 21:54:18,308 - INFO - Spot instance attempt 1/3 for test-spot
2025-08-13 21:54:18,308 - INFO - No max price specified - AWS will use current on-demand price
2025-08-13 21:54:18,308 - INFO - Requesting spot instance for test-spot...
2025-08-13 21:54:19,423 - INFO - Waiting for spot request sir-f1yq684m to be fulfilled...
2025-08-13 21:54:35,204 - INFO - Waiting for spot instance i-01cbe5df10345bc7d to be running...
2025-08-13 21:54:52,129 - INFO - Successfully provisioned spot instance test-spot (i-01cbe5df10345bc7d)
2025-08-13 21:54:52,451 - INFO - Successfully tagged spot instance i-01cbe5df10345bc7d
2025-08-13 21:54:52,452 - INFO - Spot instance test-spot successfully provisioned on attempt 1
2025-08-13 21:54:52,453 - INFO - Instance test-spot completed successfully
2025-08-13 21:54:52,453 - INFO - Provisioning completed. Successful: 1, Failed: 0
2025-08-13 21:56:21,455 - INFO - AWS credentials validated successfully
2025-08-13 21:56:21,456 - INFO - Starting cleanup of 1 instances
2025-08-13 21:56:21,456 - INFO - Terminating instance: i-01cbe5df10345bc7d
2025-08-13 22:00:28,803 - INFO - AWS credentials validated successfully
2025-08-13 22:00:28,804 - INFO - Starting parallel provisioning of 1 instances
2025-08-13 22:00:28,805 - INFO - Starting provisioning for instance: t3.micro-1755147628
2025-08-13 22:00:28,805 - INFO - Spot instance attempt 1/3 for t3.micro-1755147628
2025-08-13 22:00:28,805 - INFO - No max price specified - AWS will use current on-demand price
2025-08-13 22:00:28,805 - INFO - Requesting spot instance for t3.micro-1755147628...
2025-08-13 22:00:29,802 - INFO - Waiting for spot request sir-yymf6qcp to be fulfilled...
2025-08-13 22:00:45,240 - INFO - Waiting for spot instance i-01953419c6073c348 to be running...
2025-08-13 22:00:46,445 - INFO - Successfully provisioned spot instance t3.micro-1755147628 (i-01953419c6073c348)
2025-08-13 22:00:46,775 - INFO - Successfully tagged spot instance i-01953419c6073c348
2025-08-13 22:00:46,775 - INFO - Spot instance t3.micro-1755147628 successfully provisioned on attempt 1
2025-08-13 22:00:46,776 - INFO - Instance None completed successfully
2025-08-13 22:00:46,776 - INFO - Provisioning completed. Successful: 1, Failed: 0
2025-08-13 22:01:05,246 - INFO - AWS credentials validated successfully
2025-08-13 22:01:05,247 - INFO - Starting cleanup of 1 instances
2025-08-13 22:01:05,247 - INFO - Terminating instance: i-01953419c6073c348
2025-08-13 22:40:20,079 - ERROR - Failed to validate AWS credentials: Unable to locate credentials
2025-08-13 22:40:34,222 - INFO - AWS credentials validated successfully
2025-08-13 22:40:34,223 - INFO - Starting parallel provisioning of 1 instances
2025-08-13 22:40:34,224 - INFO - Starting provisioning for instance: test-spot
2025-08-13 22:40:34,224 - INFO - Spot instance attempt 1/3 for test-spot
2025-08-13 22:40:34,224 - INFO - No max price specified - AWS will use current on-demand price
2025-08-13 22:40:34,224 - INFO - Requesting spot instance for test-spot...
2025-08-13 22:40:35,308 - INFO - Waiting for spot request sir-4em75s4q to be fulfilled...
2025-08-13 22:40:50,977 - INFO - Waiting for spot instance i-0a93b8047ab0f4ad1 to be running...
2025-08-13 22:40:52,343 - INFO - Successfully provisioned spot instance test-spot (i-0a93b8047ab0f4ad1)
2025-08-13 22:40:52,674 - INFO - Successfully tagged spot instance i-0a93b8047ab0f4ad1
2025-08-13 22:40:52,675 - INFO - Spot instance test-spot successfully provisioned on attempt 1
2025-08-13 22:40:52,675 - INFO - Instance test-spot completed successfully
2025-08-13 22:40:52,676 - INFO - Provisioning completed. Successful: 1, Failed: 0
2025-08-13 22:48:24,602 - INFO - AWS credentials validated successfully
2025-08-13 22:48:24,603 - INFO - Starting cleanup of 1 instances
2025-08-13 22:48:24,604 - INFO - Terminating instance: i-0a93b8047ab0f4ad1
2025-08-19 18:39:46,667 - ERROR - Failed to validate AWS credentials: Unable to locate credentials
2025-08-19 18:39:57,534 - INFO - AWS credentials validated successfully
2025-08-19 18:39:57,534 - INFO - Starting parallel provisioning of 1 instances
2025-08-19 18:39:57,535 - INFO - Starting provisioning for instance: test-spot
2025-08-19 18:39:57,536 - INFO - Spot instance attempt 1/3 for test-spot
2025-08-19 18:39:57,536 - INFO - No max price specified - AWS will use current on-demand price
2025-08-19 18:39:57,536 - INFO - Requesting spot instance for test-spot...
2025-08-19 18:39:58,664 - INFO - Waiting for spot request sir-vagf5biq to be fulfilled...
2025-08-19 18:40:14,518 - INFO - Waiting for spot instance i-036e0698754e0fd21 to be running...
2025-08-19 18:40:15,635 - INFO - Successfully provisioned spot instance test-spot (i-036e0698754e0fd21)
2025-08-19 18:40:15,968 - INFO - Successfully tagged spot instance i-036e0698754e0fd21
2025-08-19 18:40:15,968 - INFO - Spot instance test-spot successfully provisioned on attempt 1
2025-08-19 18:40:15,969 - INFO - Instance test-spot completed successfully
2025-08-19 18:40:15,969 - INFO - Provisioning completed. Successful: 1, Failed: 0
2025-08-19 19:09:08,158 - INFO - AWS credentials validated successfully
2025-08-19 19:09:08,158 - INFO - Starting parallel provisioning of 1 instances
2025-08-19 19:09:08,159 - INFO - Starting provisioning for instance: yaml-test
2025-08-19 19:09:08,159 - INFO - Spot instance attempt 1/3 for yaml-test
2025-08-19 19:09:08,159 - INFO - No max price specified - AWS will use current on-demand price
2025-08-19 19:09:08,159 - INFO - Requesting spot instance for yaml-test...
2025-08-19 19:09:09,134 - INFO - Waiting for spot request sir-hs577jzm to be fulfilled...
2025-08-19 19:09:24,698 - INFO - Waiting for spot instance i-042cb5b9544a36b7c to be running...
2025-08-19 19:09:25,786 - INFO - Successfully provisioned spot instance yaml-test (i-042cb5b9544a36b7c)
2025-08-19 19:09:26,104 - INFO - Successfully tagged spot instance i-042cb5b9544a36b7c
2025-08-19 19:09:26,104 - INFO - Spot instance yaml-test successfully provisioned on attempt 1
2025-08-19 19:09:26,104 - INFO - Instance yaml-test completed successfully
2025-08-19 19:09:26,105 - INFO - Provisioning completed. Successful: 1, Failed: 0
2025-08-19 19:12:42,925 - INFO - AWS credentials validated successfully
2025-08-19 19:12:42,925 - INFO - Starting parallel provisioning of 1 instances
2025-08-19 19:12:42,926 - INFO - Starting provisioning for instance: test-spot
2025-08-19 19:12:42,926 - INFO - Spot instance attempt 1/3 for test-spot
2025-08-19 19:12:42,926 - INFO - No max price specified - AWS will use current on-demand price
2025-08-19 19:12:42,926 - INFO - Requesting spot instance for test-spot...
2025-08-19 19:12:43,966 - INFO - Waiting for spot request sir-nxn76ekn to be fulfilled...
2025-08-19 19:12:59,518 - INFO - Waiting for spot instance i-0d92686678a7da950 to be running...
2025-08-19 19:13:01,681 - INFO - Successfully provisioned spot instance test-spot (i-0d92686678a7da950)
2025-08-19 19:13:02,126 - INFO - Successfully tagged spot instance i-0d92686678a7da950
2025-08-19 19:13:02,126 - INFO - Spot instance test-spot successfully provisioned on attempt 1
2025-08-19 19:13:02,126 - INFO - Instance test-spot completed successfully
2025-08-19 19:13:02,127 - INFO - Provisioning completed. Successful: 1, Failed: 0
2025-08-19 19:28:03,890 - INFO - AWS credentials validated successfully
2025-08-19 19:28:03,890 - INFO - Starting cleanup of 1 instances
2025-08-19 19:28:03,890 - INFO - Terminating instance: i-0d92686678a7da950
2025-08-19 19:31:34,201 - INFO - AWS credentials validated successfully
2025-08-19 19:31:34,202 - INFO - Starting parallel provisioning of 1 instances
2025-08-19 19:31:34,202 - INFO - Starting provisioning for instance: test-spot
2025-08-19 19:31:34,202 - INFO - Spot instance attempt 1/3 for test-spot
2025-08-19 19:31:34,202 - INFO - No max price specified - AWS will use current on-demand price
2025-08-19 19:31:34,202 - INFO - Requesting spot instance for test-spot...
2025-08-19 19:31:35,321 - INFO - Waiting for spot request sir-eit74xdm to be fulfilled...
2025-08-19 19:31:50,877 - INFO - Waiting for spot instance i-091ad51877617312a to be running...
2025-08-19 19:31:52,235 - INFO - Successfully provisioned spot instance test-spot (i-091ad51877617312a)
2025-08-19 19:31:52,550 - INFO - Successfully tagged spot instance i-091ad51877617312a
2025-08-19 19:31:52,551 - INFO - Spot instance test-spot successfully provisioned on attempt 1
2025-08-19 19:31:52,551 - INFO - Instance test-spot completed successfully
2025-08-19 19:31:52,552 - INFO - Provisioning completed. Successful: 1, Failed: 0
2025-08-19 20:03:14,341 - INFO - AWS credentials validated successfully
2025-08-19 20:03:14,342 - INFO - Starting parallel provisioning of 1 instances
2025-08-19 20:03:14,343 - INFO - Starting provisioning for instance: test-spot
2025-08-19 20:03:14,343 - INFO - Spot instance attempt 1/3 for test-spot
2025-08-19 20:03:14,343 - INFO - No max price specified - AWS will use current on-demand price
2025-08-19 20:03:14,343 - INFO - Requesting spot instance for test-spot...
2025-08-19 20:03:15,537 - INFO - Waiting for spot request sir-gigz557m to be fulfilled...
2025-08-19 20:03:31,027 - INFO - Waiting for spot instance i-083f6cb80c64b285e to be running...
2025-08-19 20:03:32,221 - INFO - Successfully provisioned spot instance test-spot (i-083f6cb80c64b285e)
2025-08-19 20:03:32,540 - INFO - Successfully tagged spot instance i-083f6cb80c64b285e
2025-08-19 20:03:32,541 - INFO - Spot instance test-spot successfully provisioned on attempt 1
2025-08-19 20:03:32,542 - INFO - Instance test-spot completed successfully
2025-08-19 20:03:32,543 - INFO - Provisioning completed. Successful: 1, Failed: 0
2025-08-19 20:23:33,464 - INFO - AWS credentials validated successfully
2025-08-19 20:23:33,465 - INFO - Starting parallel provisioning of 1 instances
2025-08-19 20:23:33,465 - INFO - Starting provisioning for instance: nvidia-ami-builder
2025-08-19 20:23:34,719 - INFO - Waiting for instance i-0d1e149ee3461a0ba to be running...
2025-08-19 20:23:51,260 - INFO - Successfully provisioned on-demand instance nvidia-ami-builder (i-0d1e149ee3461a0ba)
2025-08-19 20:23:51,261 - INFO - Instance nvidia-ami-builder completed successfully
2025-08-19 20:23:51,262 - INFO - Provisioning completed. Successful: 1, Failed: 0
2025-08-19 20:37:49,067 - INFO - AWS credentials validated successfully
2025-08-19 20:37:49,067 - INFO - Starting cleanup of 1 instances
2025-08-19 20:37:49,068 - INFO - Terminating instance: i-0d1e149ee3461a0ba
2025-08-19 20:38:00,600 - INFO - AWS credentials validated successfully
2025-08-19 20:38:00,600 - INFO - Starting parallel provisioning of 1 instances
2025-08-19 20:38:00,601 - INFO - Starting provisioning for instance: test-spot
2025-08-19 20:38:00,602 - INFO - Spot instance attempt 1/3 for test-spot
2025-08-19 20:38:00,602 - INFO - No max price specified - AWS will use current on-demand price
2025-08-19 20:38:00,602 - INFO - Requesting spot instance for test-spot...
2025-08-19 20:38:01,725 - INFO - Waiting for spot request sir-6qiq76bm to be fulfilled...
2025-08-19 20:38:17,286 - WARNING - Spot instance attempt 1 failed for test-spot: Waiter SpotInstanceRequestFulfilled failed: Waiter encountered a terminal failure state: For expression "SpotInstanceRequests[].Status.Code" we matched expected path: "bad-parameters" at least once
2025-08-19 20:38:17,288 - INFO - Cancelling failed spot request sir-6qiq76bm
2025-08-19 20:38:17,483 - INFO - Waiting 30 seconds before retry...
2025-08-19 20:38:47,490 - INFO - Spot instance attempt 2/3 for test-spot
2025-08-19 20:38:47,491 - INFO - No max price specified - AWS will use current on-demand price
2025-08-19 20:38:47,492 - INFO - Requesting spot instance for test-spot...
2025-08-19 20:38:48,519 - INFO - Waiting for spot request sir-h7az5kym to be fulfilled...
2025-08-19 20:45:32,363 - INFO - AWS credentials validated successfully
2025-08-19 20:45:32,364 - INFO - Starting parallel provisioning of 1 instances
2025-08-19 20:45:32,364 - INFO - Starting provisioning for instance: nvidia-ami-builder
2025-08-19 20:45:33,572 - INFO - Waiting for instance i-0c959889a92c1b3cc to be running...
2025-08-19 20:45:49,859 - INFO - Successfully provisioned on-demand instance nvidia-ami-builder (i-0c959889a92c1b3cc)
2025-08-19 20:45:49,860 - INFO - Instance nvidia-ami-builder completed successfully
2025-08-19 20:45:49,860 - INFO - Provisioning completed. Successful: 1, Failed: 0
2025-08-19 21:07:35,260 - INFO - AWS credentials validated successfully
2025-08-19 21:07:35,261 - INFO - Starting parallel provisioning of 1 instances
2025-08-19 21:07:35,261 - INFO - Starting provisioning for instance: test-spot
2025-08-19 21:07:35,262 - INFO - Spot instance attempt 1/3 for test-spot
2025-08-19 21:07:35,262 - INFO - No max price specified - AWS will use current on-demand price
2025-08-19 21:07:35,262 - INFO - Requesting spot instance for test-spot...
2025-08-19 21:07:36,393 - INFO - Waiting for spot request sir-hmx75sdn to be fulfilled...
2025-08-19 21:07:52,001 - INFO - Waiting for spot instance i-0aeb412995a81f0ce to be running...
2025-08-19 21:07:53,119 - INFO - Successfully provisioned spot instance test-spot (i-0aeb412995a81f0ce)
2025-08-19 21:07:53,434 - INFO - Successfully tagged spot instance i-0aeb412995a81f0ce
2025-08-19 21:07:53,436 - INFO - Spot instance test-spot successfully provisioned on attempt 1
2025-08-19 21:07:53,436 - INFO - Instance test-spot completed successfully
2025-08-19 21:07:53,437 - INFO - Provisioning completed. Successful: 1, Failed: 0
2025-08-19 21:10:52,062 - INFO - AWS credentials validated successfully
2025-08-19 21:10:52,063 - INFO - Starting parallel provisioning of 1 instances
2025-08-19 21:10:52,066 - INFO - Starting provisioning for instance: test-spot
2025-08-19 21:10:52,067 - INFO - Spot instance attempt 1/3 for test-spot
2025-08-19 21:10:52,067 - INFO - No max price specified - AWS will use current on-demand price
2025-08-19 21:10:52,067 - INFO - Requesting spot instance for test-spot...
2025-08-19 21:10:53,139 - INFO - Waiting for spot request sir-yzpq4tgn to be fulfilled...
2025-08-19 21:11:08,579 - INFO - Waiting for spot instance i-09020f0f48e094c7f to be running...
2025-08-19 21:11:09,666 - INFO - Successfully provisioned spot instance test-spot (i-09020f0f48e094c7f)
2025-08-19 21:11:10,001 - INFO - Successfully tagged spot instance i-09020f0f48e094c7f
2025-08-19 21:11:10,001 - INFO - Spot instance test-spot successfully provisioned on attempt 1
2025-08-19 21:11:10,002 - INFO - Instance test-spot completed successfully
2025-08-19 21:11:10,003 - INFO - Provisioning completed. Successful: 1, Failed: 0
2025-08-19 21:13:16,456 - INFO - AWS credentials validated successfully
2025-08-19 21:13:16,457 - INFO - Starting cleanup of 1 instances
2025-08-19 21:13:16,457 - INFO - Terminating instance: i-09020f0f48e094c7f
2025-08-19 21:13:19,564 - INFO - AWS credentials validated successfully
2025-08-19 21:13:19,564 - INFO - Starting parallel provisioning of 1 instances
2025-08-19 21:13:19,565 - INFO - Starting provisioning for instance: test-spot
2025-08-19 21:13:19,565 - INFO - Spot instance attempt 1/3 for test-spot
2025-08-19 21:13:19,565 - INFO - No max price specified - AWS will use current on-demand price
2025-08-19 21:13:19,566 - INFO - Requesting spot instance for test-spot...
2025-08-19 21:13:20,608 - INFO - Waiting for spot request sir-62c75m5q to be fulfilled...
2025-08-19 21:13:36,188 - INFO - Waiting for spot instance i-0d215d30df7684c55 to be running...
2025-08-19 21:13:37,305 - INFO - Successfully provisioned spot instance test-spot (i-0d215d30df7684c55)
2025-08-19 21:13:37,700 - INFO - Successfully tagged spot instance i-0d215d30df7684c55
2025-08-19 21:13:37,700 - INFO - Spot instance test-spot successfully provisioned on attempt 1
2025-08-19 21:13:37,701 - INFO - Instance test-spot completed successfully
2025-08-19 21:13:37,702 - INFO - Provisioning completed. Successful: 1, Failed: 0
2025-08-19 21:15:13,271 - INFO - AWS credentials validated successfully
2025-08-19 21:15:13,271 - INFO - Starting cleanup of 1 instances
2025-08-19 21:15:13,272 - INFO - Terminating instance: i-0d215d30df7684c55
2025-08-19 21:15:16,026 - INFO - AWS credentials validated successfully
2025-08-19 21:15:16,027 - INFO - Starting parallel provisioning of 1 instances
2025-08-19 21:15:16,027 - INFO - Starting provisioning for instance: test-spot
2025-08-19 21:15:16,027 - INFO - Spot instance attempt 1/3 for test-spot
2025-08-19 21:15:16,027 - INFO - No max price specified - AWS will use current on-demand price
2025-08-19 21:15:16,027 - INFO - Requesting spot instance for test-spot...
2025-08-19 21:15:17,159 - INFO - Waiting for spot request sir-bkiq7pjp to be fulfilled...
2025-08-19 21:15:32,564 - INFO - Waiting for spot instance i-0c6c4f67a87104473 to be running...
2025-08-19 21:15:33,659 - INFO - Successfully provisioned spot instance test-spot (i-0c6c4f67a87104473)
2025-08-19 21:15:33,983 - INFO - Successfully tagged spot instance i-0c6c4f67a87104473
2025-08-19 21:15:33,983 - INFO - Spot instance test-spot successfully provisioned on attempt 1
2025-08-19 21:15:33,984 - INFO - Instance test-spot completed successfully
2025-08-19 21:15:33,984 - INFO - Provisioning completed. Successful: 1, Failed: 0
2025-08-19 21:19:39,551 - INFO - AWS credentials validated successfully
2025-08-19 21:19:39,552 - INFO - Starting cleanup of 1 instances
2025-08-19 21:19:39,552 - INFO - Terminating instance: i-0c6c4f67a87104473
2025-08-19 21:19:43,147 - INFO - AWS credentials validated successfully
2025-08-19 21:19:43,148 - INFO - Starting parallel provisioning of 1 instances
2025-08-19 21:19:43,148 - INFO - Starting provisioning for instance: test-spot
2025-08-19 21:19:44,340 - INFO - Waiting for instance i-02b7e51abe639c7a1 to be running...
2025-08-19 21:20:00,662 - INFO - Successfully provisioned on-demand instance test-spot (i-02b7e51abe639c7a1)
2025-08-19 21:20:00,663 - INFO - Instance test-spot completed successfully
2025-08-19 21:20:00,663 - INFO - Provisioning completed. Successful: 1, Failed: 0
2025-08-19 21:21:25,090 - INFO - AWS credentials validated successfully
2025-08-19 21:21:25,090 - INFO - Starting cleanup of 1 instances
2025-08-19 21:21:25,091 - INFO - Terminating instance: i-02b7e51abe639c7a1
2025-08-19 21:21:27,977 - INFO - AWS credentials validated successfully
2025-08-19 21:21:27,977 - INFO - Starting parallel provisioning of 1 instances
2025-08-19 21:21:27,978 - INFO - Starting provisioning for instance: test-spot
2025-08-19 21:21:29,267 - INFO - Waiting for instance i-0556c8865e206570e to be running...
2025-08-19 21:21:45,614 - INFO - Successfully provisioned on-demand instance test-spot (i-0556c8865e206570e)
2025-08-19 21:21:45,615 - INFO - Instance test-spot completed successfully
2025-08-19 21:21:45,616 - INFO - Provisioning completed. Successful: 1, Failed: 0
2025-08-19 21:25:41,809 - INFO - AWS credentials validated successfully
2025-08-19 21:25:41,810 - INFO - Starting cleanup of 1 instances
2025-08-19 21:25:41,811 - INFO - Terminating instance: i-0556c8865e206570e
